<testsuite name="noise_level_indicator.Noise Level Indicator Led Behavior" tests="3" errors="0" failures="0" skipped="0" time="4.525002" timestamp="2025-02-04T23:43:03.936299" hostname="c0337ce7"><testcase classname="noise_level_indicator.Noise Level Indicator Led Behavior" name="Noise level is within 90% of the reference, green led is on" status="passed" time="1.306239"><system-out>
<![CDATA[
@scenario.begin
  Scenario: Noise level is within 90% of the reference, green led is on
    Given the following pins are assigned ... passed in 0.000s
      | alias      | pin | description                      |
      | REFERENCE  | A0  | Reference noise level threshold  |
      | VALUE      | A1  | Current noise level              |
      | GREEN_LED  | D10 | Indicates acceptable noise level |
      | YELLOW_LED | D11 | Indicates moderate noise level   |
      | RED_LED    | D12 | Indicates excessive noise level  |
    And the pin of GREEN_LED is monitored ... passed in 0.903s
    And the pin of YELLOW_LED is monitored ... passed in 0.101s
    And the pin of RED_LED is monitored ... passed in 0.100s
    When the REFERENCE is set to 1000 ... passed in 0.101s
    And the VALUE is set to 900 ... passed in 0.100s
    Then the GREEN_LED should be on ... passed in 0.000s
    And the YELLOW_LED should be off ... passed in 0.000s
    And the RED_LED should be off ... passed in 0.000s

@scenario.end
--------------------------------------------------------------------------------

Captured stdout:
Defined aliases: {'REFERENCE': 'A0', 'VALUE': 'A1', 'GREEN_LED': 'D10', 'YELLOW_LED': 'D11', 'RED_LED': 'D12'}
Sent WebSocket message: {"type": "pinMode", "pin": "D10", "mode": "digital", "replyId": "5a1c5684-f3c3-4113-9f96-6f91e25996a0"}
Background listener received: {'type': 'pinState', 'pin': '10', 'state': True, 'cpuTime': '0.051942'}
Background listener received: {'type': 'pinState', 'pin': 'D10', 'state': True, 'cpuTime': '0.051942', 'deprecated': True, 'note': 'pins with D-prefix are deprecated'}
Background listener received: {'type': 'pinMode', 'pin': '10', 'mode': 'digital', 'replyId': '5a1c5684-f3c3-4113-9f96-6f91e25996a0', 'executed': True}
Received reply for replyId 5a1c5684-f3c3-4113-9f96-6f91e25996a0
Sent WebSocket message: {"type": "pinMode", "pin": "D11", "mode": "digital", "replyId": "8194f870-f46f-4591-868f-c30ff4065a20"}
Background listener received: {'type': 'pinState', 'pin': '11', 'state': False, 'cpuTime': '0.155828'}
Background listener received: {'type': 'pinState', 'pin': 'D11', 'state': False, 'cpuTime': '0.155828', 'deprecated': True, 'note': 'pins with D-prefix are deprecated'}
Background listener received: {'type': 'pinMode', 'pin': '11', 'mode': 'digital', 'replyId': '8194f870-f46f-4591-868f-c30ff4065a20', 'executed': True}
Received reply for replyId 8194f870-f46f-4591-868f-c30ff4065a20
Sent WebSocket message: {"type": "pinMode", "pin": "D12", "mode": "digital", "replyId": "eb3a72e8-699b-4325-aaee-9c25ae78e67a"}
Background listener received: {'type': 'pinState', 'pin': '12', 'state': False, 'cpuTime': '0.259714'}
Background listener received: {'type': 'pinState', 'pin': 'D12', 'state': False, 'cpuTime': '0.259714', 'deprecated': True, 'note': 'pins with D-prefix are deprecated'}
Background listener received: {'type': 'pinMode', 'pin': '12', 'mode': 'digital', 'replyId': 'eb3a72e8-699b-4325-aaee-9c25ae78e67a', 'executed': True}
Received reply for replyId eb3a72e8-699b-4325-aaee-9c25ae78e67a
Sent WebSocket message: {"type": "pinState", "pin": "A0", "state": 1000, "replyId": "834f48bd-6d62-4222-9e03-227c9be7508a"}
Background listener received: {'type': 'pinState', 'pin': 'A0', 'state': 1000, 'replyId': '834f48bd-6d62-4222-9e03-227c9be7508a', 'executed': True}
Received reply for replyId 834f48bd-6d62-4222-9e03-227c9be7508a
Sent WebSocket message: {"type": "pinState", "pin": "A1", "state": 900, "replyId": "afd94c60-5429-4e76-8b1d-a5b1e92ed95e"}
Background listener received: {'type': 'pinState', 'pin': 'A1', 'state': 900, 'replyId': 'afd94c60-5429-4e76-8b1d-a5b1e92ed95e', 'executed': True}
Received reply for replyId afd94c60-5429-4e76-8b1d-a5b1e92ed95e

]]>
</system-out></testcase><testcase classname="noise_level_indicator.Noise Level Indicator Led Behavior" name="Noise level is slightly above 90% of the reference, yellow led is on" status="passed" time="1.405142"><system-out>
<![CDATA[
@scenario.begin
  Scenario: Noise level is slightly above 90% of the reference, yellow led is on
    Given the following pins are assigned ... passed in 0.000s
      | alias      | pin | description                      |
      | REFERENCE  | A0  | Reference noise level threshold  |
      | VALUE      | A1  | Current noise level              |
      | GREEN_LED  | D10 | Indicates acceptable noise level |
      | YELLOW_LED | D11 | Indicates moderate noise level   |
      | RED_LED    | D12 | Indicates excessive noise level  |
    And the pin of GREEN_LED is monitored ... passed in 1.003s
    And the pin of YELLOW_LED is monitored ... passed in 0.101s
    And the pin of RED_LED is monitored ... passed in 0.100s
    When the REFERENCE is set to 1000 ... passed in 0.101s
    And the VALUE is set to 901 ... passed in 0.100s
    Then the GREEN_LED should be off ... passed in 0.000s
    And the YELLOW_LED should be on ... passed in 0.000s
    And the RED_LED should be off ... passed in 0.000s

@scenario.end
--------------------------------------------------------------------------------

Captured stdout:
Defined aliases: {'REFERENCE': 'A0', 'VALUE': 'A1', 'GREEN_LED': 'D10', 'YELLOW_LED': 'D11', 'RED_LED': 'D12'}
Sent WebSocket message: {"type": "pinMode", "pin": "D10", "mode": "digital", "replyId": "c2721aa8-fe77-4b35-b604-22b52930a945"}
Background listener received: {'type': 'pinState', 'pin': '10', 'state': True, 'cpuTime': '0.051942'}
Background listener received: {'type': 'pinState', 'pin': 'D10', 'state': True, 'cpuTime': '0.051942', 'deprecated': True, 'note': 'pins with D-prefix are deprecated'}
Background listener received: {'type': 'pinMode', 'pin': '10', 'mode': 'digital', 'replyId': 'c2721aa8-fe77-4b35-b604-22b52930a945', 'executed': True}
Received reply for replyId c2721aa8-fe77-4b35-b604-22b52930a945
Sent WebSocket message: {"type": "pinMode", "pin": "D11", "mode": "digital", "replyId": "7042c4ba-ff75-46eb-86cb-ab3d940ef54d"}
Background listener received: {'type': 'pinState', 'pin': '11', 'state': False, 'cpuTime': '0.155828'}
Background listener received: {'type': 'pinState', 'pin': 'D11', 'state': False, 'cpuTime': '0.155828', 'deprecated': True, 'note': 'pins with D-prefix are deprecated'}
Background listener received: {'type': 'pinMode', 'pin': '11', 'mode': 'digital', 'replyId': '7042c4ba-ff75-46eb-86cb-ab3d940ef54d', 'executed': True}
Received reply for replyId 7042c4ba-ff75-46eb-86cb-ab3d940ef54d
Sent WebSocket message: {"type": "pinMode", "pin": "D12", "mode": "digital", "replyId": "e5dcdf0b-69ba-4eba-97e9-45ba87549043"}
Background listener received: {'type': 'pinState', 'pin': '12', 'state': False, 'cpuTime': '0.259714'}
Background listener received: {'type': 'pinState', 'pin': 'D12', 'state': False, 'cpuTime': '0.259714', 'deprecated': True, 'note': 'pins with D-prefix are deprecated'}
Background listener received: {'type': 'pinMode', 'pin': '12', 'mode': 'digital', 'replyId': 'e5dcdf0b-69ba-4eba-97e9-45ba87549043', 'executed': True}
Received reply for replyId e5dcdf0b-69ba-4eba-97e9-45ba87549043
Sent WebSocket message: {"type": "pinState", "pin": "A0", "state": 1000, "replyId": "a9ace529-4f39-4149-86a7-4e4251343a90"}
Background listener received: {'type': 'pinState', 'pin': 'A0', 'state': 1000, 'replyId': 'a9ace529-4f39-4149-86a7-4e4251343a90', 'executed': True}
Received reply for replyId a9ace529-4f39-4149-86a7-4e4251343a90
Sent WebSocket message: {"type": "pinState", "pin": "A1", "state": 901, "replyId": "149a3a20-633d-49eb-9ce1-822c252997f0"}
Background listener received: {'type': 'pinState', 'pin': 'A1', 'state': 901, 'replyId': '149a3a20-633d-49eb-9ce1-822c252997f0', 'executed': True}
Background listener received: {'type': 'pinState', 'pin': '11', 'state': True, 'cpuTime': '0.414770'}
Background listener received: {'type': 'pinState', 'pin': 'D11', 'state': True, 'cpuTime': '0.414770', 'deprecated': True, 'note': 'pins with D-prefix are deprecated'}
Background listener received: {'type': 'pinState', 'pin': '10', 'state': False, 'cpuTime': '0.414774'}
Background listener received: {'type': 'pinState', 'pin': 'D10', 'state': False, 'cpuTime': '0.414774', 'deprecated': True, 'note': 'pins with D-prefix are deprecated'}
Received reply for replyId 149a3a20-633d-49eb-9ce1-822c252997f0

]]>
</system-out></testcase><testcase classname="noise_level_indicator.Noise Level Indicator Led Behavior" name="Noise level exceeds the reference, red led is on" status="passed" time="1.813621"><system-out>
<![CDATA[
@scenario.begin
  Scenario: Noise level exceeds the reference, red led is on
    Given the following pins are assigned ... passed in 0.000s
      | alias      | pin | description                      |
      | REFERENCE  | A0  | Reference noise level threshold  |
      | VALUE      | A1  | Current noise level              |
      | GREEN_LED  | D10 | Indicates acceptable noise level |
      | YELLOW_LED | D11 | Indicates moderate noise level   |
      | RED_LED    | D12 | Indicates excessive noise level  |
    And the pin of GREEN_LED is monitored ... passed in 1.311s
    And the pin of YELLOW_LED is monitored ... passed in 0.201s
    And the pin of RED_LED is monitored ... passed in 0.100s
    When the REFERENCE is set to 1022 ... passed in 0.100s
    And the VALUE is set to 1023 ... passed in 0.100s
    Then the GREEN_LED should be off ... passed in 0.000s
    And the YELLOW_LED should be off ... passed in 0.000s
    And the RED_LED should be on ... passed in 0.000s

@scenario.end
--------------------------------------------------------------------------------

Captured stdout:
Defined aliases: {'REFERENCE': 'A0', 'VALUE': 'A1', 'GREEN_LED': 'D10', 'YELLOW_LED': 'D11', 'RED_LED': 'D12'}
Sent WebSocket message: {"type": "pinMode", "pin": "D10", "mode": "digital", "replyId": "7f20a398-12dc-4157-ac88-41647fe40de4"}
Background listener received: {'type': 'pinState', 'pin': '10', 'state': True, 'cpuTime': '0.051942'}
Background listener received: {'type': 'pinState', 'pin': 'D10', 'state': True, 'cpuTime': '0.051942', 'deprecated': True, 'note': 'pins with D-prefix are deprecated'}
Background listener received: {'type': 'pinMode', 'pin': '10', 'mode': 'digital', 'replyId': '7f20a398-12dc-4157-ac88-41647fe40de4', 'executed': True}
Received reply for replyId 7f20a398-12dc-4157-ac88-41647fe40de4
Sent WebSocket message: {"type": "pinMode", "pin": "D11", "mode": "digital", "replyId": "90eaf923-77e1-4037-8323-7e1d8cfe6cde"}
Background listener received: {'type': 'pinState', 'pin': '11', 'state': False, 'cpuTime': '0.103885'}
Background listener received: {'type': 'pinState', 'pin': 'D11', 'state': False, 'cpuTime': '0.103885', 'deprecated': True, 'note': 'pins with D-prefix are deprecated'}
Background listener received: {'type': 'pinMode', 'pin': '11', 'mode': 'digital', 'replyId': '90eaf923-77e1-4037-8323-7e1d8cfe6cde', 'executed': True}
Received reply for replyId 90eaf923-77e1-4037-8323-7e1d8cfe6cde
Sent WebSocket message: {"type": "pinMode", "pin": "D12", "mode": "digital", "replyId": "48dce1ea-a018-4a32-aca2-eb9af6042b6c"}
Background listener received: {'type': 'pinState', 'pin': '12', 'state': False, 'cpuTime': '0.207771'}
Background listener received: {'type': 'pinState', 'pin': 'D12', 'state': False, 'cpuTime': '0.207771', 'deprecated': True, 'note': 'pins with D-prefix are deprecated'}
Background listener received: {'type': 'pinMode', 'pin': '12', 'mode': 'digital', 'replyId': '48dce1ea-a018-4a32-aca2-eb9af6042b6c', 'executed': True}
Received reply for replyId 48dce1ea-a018-4a32-aca2-eb9af6042b6c
Sent WebSocket message: {"type": "pinState", "pin": "A0", "state": 1022, "replyId": "7ab7a916-0312-41d1-9f25-01b2e51121c7"}
Background listener received: {'type': 'pinState', 'pin': 'A0', 'state': 1022, 'replyId': '7ab7a916-0312-41d1-9f25-01b2e51121c7', 'executed': True}
Received reply for replyId 7ab7a916-0312-41d1-9f25-01b2e51121c7
Sent WebSocket message: {"type": "pinState", "pin": "A1", "state": 1023, "replyId": "777e4b68-1bf6-47c2-934e-3da4f7a62de9"}
Background listener received: {'type': 'pinState', 'pin': 'A1', 'state': 1023, 'replyId': '777e4b68-1bf6-47c2-934e-3da4f7a62de9', 'executed': True}
Background listener received: {'type': 'pinState', 'pin': '12', 'state': True, 'cpuTime': '0.362842'}
Background listener received: {'type': 'pinState', 'pin': 'D12', 'state': True, 'cpuTime': '0.362842', 'deprecated': True, 'note': 'pins with D-prefix are deprecated'}
Background listener received: {'type': 'pinState', 'pin': '10', 'state': False, 'cpuTime': '0.362851'}
Background listener received: {'type': 'pinState', 'pin': 'D10', 'state': False, 'cpuTime': '0.362851', 'deprecated': True, 'note': 'pins with D-prefix are deprecated'}
Received reply for replyId 777e4b68-1bf6-47c2-934e-3da4f7a62de9

]]>
</system-out></testcase></testsuite>