<?xml version="1.0" encoding="utf-8"?><testsuites><testsuite name="pytest" errors="0" failures="0" skipped="0" tests="3" time="56.257" timestamp="2025-02-04T23:39:31.128504" hostname="c0337ce7"><testcase classname="demo.python.noise_indicator_light_test" name="test_whenTheNoiseLevelIsWithin90PercentOfTheReferenceThenTheGreenLedIsOn" time="18.801" /><testcase classname="demo.python.noise_indicator_light_test" name="test_whenTheNoiseLevelIsSlightlyAbove90PercentOfTheReferenceThenTheYellowLedIsOn" time="18.303" /><testcase classname="demo.python.noise_indicator_light_test" name="test_whenThenNoiseLevelExceedsTheReferenceThenTheRedLedIsOn" time="18.848" /></testsuite></testsuites>