<?xml version="1.0" encoding="utf-8"?><testsuites><testsuite name="pytest" errors="0" failures="0" skipped="0" tests="3" time="53.029" timestamp="2025-02-04T23:40:28.245403" hostname="c0337ce7"><testcase classname="demo.python.noise_indicator_light_test" name="test_whenTheNoiseLevelIsWithin90PercentOfTheReferenceThenTheGreenLedIsOn" time="17.463" /><testcase classname="demo.python.noise_indicator_light_test" name="test_whenTheNoiseLevelIsSlightlyAbove90PercentOfTheReferenceThenTheYellowLedIsOn" time="17.730" /><testcase classname="demo.python.noise_indicator_light_test" name="test_whenThenNoiseLevelExceedsTheReferenceThenTheRedLedIsOn" time="17.476" /></testsuite></testsuites>